ARM GAS  /tmp/ccaAp466.s 			page 1


   1              		.cpu cortex-m7
   2              		.eabi_attribute 28, 1
   3              		.eabi_attribute 20, 1
   4              		.eabi_attribute 21, 1
   5              		.eabi_attribute 23, 3
   6              		.eabi_attribute 24, 1
   7              		.eabi_attribute 25, 1
   8              		.eabi_attribute 26, 1
   9              		.eabi_attribute 30, 1
  10              		.eabi_attribute 34, 1
  11              		.eabi_attribute 18, 4
  12              		.file	"ts.c"
  13              		.text
  14              	.Ltext0:
  15              		.cfi_sections	.debug_frame
  16              		.section	.text.TS_Init,"ax",%progbits
  17              		.align	1
  18              		.global	TS_Init
  19              		.arch armv7e-m
  20              		.syntax unified
  21              		.thumb
  22              		.thumb_func
  23              		.fpu fpv5-d16
  25              	TS_Init:
  26              	.LVL0:
  27              	.LFB141:
  28              		.file 1 "common/Src/ts.c"
   1:common/Src/ts.c **** #include "ts.h"
   2:common/Src/ts.c **** 
   3:common/Src/ts.c **** static TS_DrvTypeDef *tsDriver;
   4:common/Src/ts.c **** static uint16_t tsXBoundary, tsYBoundary;
   5:common/Src/ts.c **** static uint8_t  tsOrientation;
   6:common/Src/ts.c **** static uint8_t  I2cAddress;
   7:common/Src/ts.c **** 
   8:common/Src/ts.c **** /**
   9:common/Src/ts.c ****   * @brief  Initializes and configures the touch screen functionalities and
  10:common/Src/ts.c ****   *         configures all necessary hardware resources (GPIOs, clocks..).
  11:common/Src/ts.c ****   * @param  xSize: Maximum X size of the TS area on LCD
  12:common/Src/ts.c ****   * @param  ySize: Maximum Y size of the TS area on LCD
  13:common/Src/ts.c ****   * @retval TS_OK if all initializations are OK. Other value if error.
  14:common/Src/ts.c ****   */
  15:common/Src/ts.c **** uint8_t TS_Init(uint16_t xSize, uint16_t ySize)
  16:common/Src/ts.c **** {
  29              		.loc 1 16 1 view -0
  30              		.cfi_startproc
  31              		@ args = 0, pretend = 0, frame = 0
  32              		@ frame_needed = 0, uses_anonymous_args = 0
  33              		.loc 1 16 1 is_stmt 0 view .LVU1
  34 0000 70B5     		push	{r4, r5, r6, lr}
  35              	.LCFI0:
  36              		.cfi_def_cfa_offset 16
  37              		.cfi_offset 4, -16
  38              		.cfi_offset 5, -12
  39              		.cfi_offset 6, -8
  40              		.cfi_offset 14, -4
  17:common/Src/ts.c ****         uint8_t status = TS_OK;
  41              		.loc 1 17 9 is_stmt 1 view .LVU2
ARM GAS  /tmp/ccaAp466.s 			page 2


  42              	.LVL1:
  18:common/Src/ts.c ****         tsXBoundary = xSize;
  43              		.loc 1 18 9 view .LVU3
  44              		.loc 1 18 21 is_stmt 0 view .LVU4
  45 0002 0D4B     		ldr	r3, .L3
  46 0004 1880     		strh	r0, [r3]	@ movhi
  19:common/Src/ts.c ****         tsYBoundary = ySize;
  47              		.loc 1 19 9 is_stmt 1 view .LVU5
  48              		.loc 1 19 21 is_stmt 0 view .LVU6
  49 0006 0D4B     		ldr	r3, .L3+4
  50 0008 1980     		strh	r1, [r3]	@ movhi
  20:common/Src/ts.c **** 
  21:common/Src/ts.c ****         IOE_Init();
  51              		.loc 1 21 9 is_stmt 1 view .LVU7
  52 000a FFF7FEFF 		bl	IOE_Init
  53              	.LVL2:
  22:common/Src/ts.c **** 
  23:common/Src/ts.c ****         /* Initialize the TS driver structure */
  24:common/Src/ts.c ****         tsDriver = &sx8650_ts_drv;
  54              		.loc 1 24 9 view .LVU8
  55              		.loc 1 24 18 is_stmt 0 view .LVU9
  56 000e 0C4D     		ldr	r5, .L3+8
  57 0010 0C4B     		ldr	r3, .L3+12
  58 0012 2B60     		str	r3, [r5]
  25:common/Src/ts.c ****         I2cAddress = SX8650_I2C_ADDRESS;
  59              		.loc 1 25 9 is_stmt 1 view .LVU10
  60              		.loc 1 25 20 is_stmt 0 view .LVU11
  61 0014 0C4C     		ldr	r4, .L3+16
  62 0016 9020     		movs	r0, #144
  63 0018 2070     		strb	r0, [r4]
  26:common/Src/ts.c ****         tsOrientation = TS_SWAP_NONE;
  64              		.loc 1 26 9 is_stmt 1 view .LVU12
  65              		.loc 1 26 23 is_stmt 0 view .LVU13
  66 001a 0026     		movs	r6, #0
  67 001c 0B4A     		ldr	r2, .L3+20
  68 001e 1670     		strb	r6, [r2]
  27:common/Src/ts.c **** 
  28:common/Src/ts.c ****         /* Initialize the TS driver */
  29:common/Src/ts.c ****         tsDriver->Init(I2cAddress);
  69              		.loc 1 29 9 is_stmt 1 view .LVU14
  70              		.loc 1 29 17 is_stmt 0 view .LVU15
  71 0020 1B68     		ldr	r3, [r3]
  72              		.loc 1 29 9 view .LVU16
  73 0022 9847     		blx	r3
  74              	.LVL3:
  30:common/Src/ts.c ****         tsDriver->Reset(I2cAddress);
  75              		.loc 1 30 9 is_stmt 1 view .LVU17
  76              		.loc 1 30 17 is_stmt 0 view .LVU18
  77 0024 2B68     		ldr	r3, [r5]
  78 0026 9B68     		ldr	r3, [r3, #8]
  79              		.loc 1 30 9 view .LVU19
  80 0028 2078     		ldrb	r0, [r4]	@ zero_extendqisi2
  81 002a 9847     		blx	r3
  82              	.LVL4:
  31:common/Src/ts.c ****         tsDriver->Start(I2cAddress);
  83              		.loc 1 31 9 is_stmt 1 view .LVU20
  84              		.loc 1 31 17 is_stmt 0 view .LVU21
ARM GAS  /tmp/ccaAp466.s 			page 3


  85 002c 2B68     		ldr	r3, [r5]
  86 002e DB68     		ldr	r3, [r3, #12]
  87              		.loc 1 31 9 view .LVU22
  88 0030 2078     		ldrb	r0, [r4]	@ zero_extendqisi2
  89 0032 9847     		blx	r3
  90              	.LVL5:
  32:common/Src/ts.c **** 
  33:common/Src/ts.c ****         return status;
  91              		.loc 1 33 9 is_stmt 1 view .LVU23
  34:common/Src/ts.c **** }
  92              		.loc 1 34 1 is_stmt 0 view .LVU24
  93 0034 3046     		mov	r0, r6
  94 0036 70BD     		pop	{r4, r5, r6, pc}
  95              	.L4:
  96              		.align	2
  97              	.L3:
  98 0038 00000000 		.word	.LANCHOR0
  99 003c 00000000 		.word	.LANCHOR1
 100 0040 00000000 		.word	.LANCHOR2
 101 0044 00000000 		.word	sx8650_ts_drv
 102 0048 00000000 		.word	.LANCHOR3
 103 004c 00000000 		.word	.LANCHOR4
 104              		.cfi_endproc
 105              	.LFE141:
 107              		.section	.text.TS_DeInit,"ax",%progbits
 108              		.align	1
 109              		.global	TS_DeInit
 110              		.syntax unified
 111              		.thumb
 112              		.thumb_func
 113              		.fpu fpv5-d16
 115              	TS_DeInit:
 116              	.LFB142:
  35:common/Src/ts.c **** 
  36:common/Src/ts.c **** /**
  37:common/Src/ts.c ****   * @brief  DeInitializes the TouchScreen.
  38:common/Src/ts.c ****   * @retval TS state
  39:common/Src/ts.c ****   */
  40:common/Src/ts.c **** uint8_t TS_DeInit(void)
  41:common/Src/ts.c **** {
 117              		.loc 1 41 1 is_stmt 1 view -0
 118              		.cfi_startproc
 119              		@ args = 0, pretend = 0, frame = 0
 120              		@ frame_needed = 0, uses_anonymous_args = 0
 121              		@ link register save eliminated.
  42:common/Src/ts.c ****         /* Actually ts_driver does not provide a DeInit function */
  43:common/Src/ts.c ****         return TS_OK;
 122              		.loc 1 43 9 view .LVU26
  44:common/Src/ts.c **** }
 123              		.loc 1 44 1 is_stmt 0 view .LVU27
 124 0000 0020     		movs	r0, #0
 125 0002 7047     		bx	lr
 126              		.cfi_endproc
 127              	.LFE142:
 129              		.section	.text.TS_ITConfig,"ax",%progbits
 130              		.align	1
 131              		.global	TS_ITConfig
ARM GAS  /tmp/ccaAp466.s 			page 4


 132              		.syntax unified
 133              		.thumb
 134              		.thumb_func
 135              		.fpu fpv5-d16
 137              	TS_ITConfig:
 138              	.LFB143:
  45:common/Src/ts.c **** 
  46:common/Src/ts.c **** /**
  47:common/Src/ts.c ****   * @brief  Configures and enables the touch screen interrupts.
  48:common/Src/ts.c ****   * @retval TS_OK if all initializations are OK. Other value if error.
  49:common/Src/ts.c ****   */
  50:common/Src/ts.c **** uint8_t TS_ITConfig(void)
  51:common/Src/ts.c **** {
 139              		.loc 1 51 1 is_stmt 1 view -0
 140              		.cfi_startproc
 141              		@ args = 0, pretend = 0, frame = 0
 142              		@ frame_needed = 0, uses_anonymous_args = 0
 143              		@ link register save eliminated.
  52:common/Src/ts.c ****         return TS_OK;
 144              		.loc 1 52 9 view .LVU29
  53:common/Src/ts.c **** }
 145              		.loc 1 53 1 is_stmt 0 view .LVU30
 146 0000 0020     		movs	r0, #0
 147 0002 7047     		bx	lr
 148              		.cfi_endproc
 149              	.LFE143:
 151              		.section	.text.TS_ITGetStatus,"ax",%progbits
 152              		.align	1
 153              		.global	TS_ITGetStatus
 154              		.syntax unified
 155              		.thumb
 156              		.thumb_func
 157              		.fpu fpv5-d16
 159              	TS_ITGetStatus:
 160              	.LFB144:
  54:common/Src/ts.c **** 
  55:common/Src/ts.c **** /**
  56:common/Src/ts.c ****   * @brief  Gets the touch screen interrupt status.
  57:common/Src/ts.c ****   * @retval TS_OK if all initializations are OK. Other value if error.
  58:common/Src/ts.c ****   */
  59:common/Src/ts.c **** uint8_t TS_ITGetStatus(void)
  60:common/Src/ts.c **** {
 161              		.loc 1 60 1 is_stmt 1 view -0
 162              		.cfi_startproc
 163              		@ args = 0, pretend = 0, frame = 0
 164              		@ frame_needed = 0, uses_anonymous_args = 0
 165 0000 08B5     		push	{r3, lr}
 166              	.LCFI1:
 167              		.cfi_def_cfa_offset 8
 168              		.cfi_offset 3, -8
 169              		.cfi_offset 14, -4
  61:common/Src/ts.c ****         /* Return the TS IT status */
  62:common/Src/ts.c ****         return (tsDriver->GetITStatus(I2cAddress));
 170              		.loc 1 62 9 view .LVU32
 171              		.loc 1 62 25 is_stmt 0 view .LVU33
 172 0002 034B     		ldr	r3, .L9
 173 0004 1B68     		ldr	r3, [r3]
ARM GAS  /tmp/ccaAp466.s 			page 5


 174 0006 1B6A     		ldr	r3, [r3, #32]
 175              		.loc 1 62 17 view .LVU34
 176 0008 024A     		ldr	r2, .L9+4
 177 000a 1078     		ldrb	r0, [r2]	@ zero_extendqisi2
 178 000c 9847     		blx	r3
 179              	.LVL6:
  63:common/Src/ts.c **** }
 180              		.loc 1 63 1 view .LVU35
 181 000e 08BD     		pop	{r3, pc}
 182              	.L10:
 183              		.align	2
 184              	.L9:
 185 0010 00000000 		.word	.LANCHOR2
 186 0014 00000000 		.word	.LANCHOR3
 187              		.cfi_endproc
 188              	.LFE144:
 190              		.section	.text.TS_GetState,"ax",%progbits
 191              		.align	1
 192              		.global	TS_GetState
 193              		.syntax unified
 194              		.thumb
 195              		.thumb_func
 196              		.fpu fpv5-d16
 198              	TS_GetState:
 199              	.LVL7:
 200              	.LFB145:
  64:common/Src/ts.c **** 
  65:common/Src/ts.c **** /**
  66:common/Src/ts.c ****   * @brief  Returns status and positions of the touch screen.
  67:common/Src/ts.c ****   * @param  TS_State: Pointer to touch screen current state structure
  68:common/Src/ts.c ****   * @retval TS_OK if all initializations are OK. Other value if error.
  69:common/Src/ts.c ****   */
  70:common/Src/ts.c **** uint8_t TS_GetState(TS_StateTypeDef *TS_State)
  71:common/Src/ts.c **** {
 201              		.loc 1 71 1 is_stmt 1 view -0
 202              		.cfi_startproc
 203              		@ args = 0, pretend = 0, frame = 8
 204              		@ frame_needed = 0, uses_anonymous_args = 0
 205              		.loc 1 71 1 is_stmt 0 view .LVU37
 206 0000 10B5     		push	{r4, lr}
 207              	.LCFI2:
 208              		.cfi_def_cfa_offset 8
 209              		.cfi_offset 4, -8
 210              		.cfi_offset 14, -4
 211 0002 82B0     		sub	sp, sp, #8
 212              	.LCFI3:
 213              		.cfi_def_cfa_offset 16
 214 0004 0446     		mov	r4, r0
  72:common/Src/ts.c ****         static uint32_t _x = 0, _y = 0;
 215              		.loc 1 72 9 is_stmt 1 view .LVU38
  73:common/Src/ts.c ****         uint16_t x_diff, y_diff , x , y;
 216              		.loc 1 73 9 view .LVU39
  74:common/Src/ts.c ****         uint16_t swap;
 217              		.loc 1 74 9 view .LVU40
  75:common/Src/ts.c **** 
  76:common/Src/ts.c ****         TS_State->TouchDetected = tsDriver->DetectTouch(I2cAddress);
 218              		.loc 1 76 9 view .LVU41
ARM GAS  /tmp/ccaAp466.s 			page 6


 219              		.loc 1 76 43 is_stmt 0 view .LVU42
 220 0006 334B     		ldr	r3, .L22
 221 0008 1B68     		ldr	r3, [r3]
 222 000a 1B69     		ldr	r3, [r3, #16]
 223              		.loc 1 76 35 view .LVU43
 224 000c 324A     		ldr	r2, .L22+4
 225 000e 1078     		ldrb	r0, [r2]	@ zero_extendqisi2
 226              	.LVL8:
 227              		.loc 1 76 35 view .LVU44
 228 0010 9847     		blx	r3
 229              	.LVL9:
 230 0012 80B2     		uxth	r0, r0
 231              		.loc 1 76 33 view .LVU45
 232 0014 2080     		strh	r0, [r4]	@ movhi
  77:common/Src/ts.c **** 
  78:common/Src/ts.c ****         if(TS_State->TouchDetected) {
 233              		.loc 1 78 9 is_stmt 1 view .LVU46
 234              		.loc 1 78 11 is_stmt 0 view .LVU47
 235 0016 0028     		cmp	r0, #0
 236 0018 50D0     		beq	.L12
  79:common/Src/ts.c ****                 tsDriver->GetXY(I2cAddress, &x, &y);
 237              		.loc 1 79 17 is_stmt 1 view .LVU48
 238              		.loc 1 79 25 is_stmt 0 view .LVU49
 239 001a 2E4B     		ldr	r3, .L22
 240 001c 1B68     		ldr	r3, [r3]
 241 001e 5B69     		ldr	r3, [r3, #20]
 242              		.loc 1 79 17 view .LVU50
 243 0020 01AA     		add	r2, sp, #4
 244 0022 0DF10601 		add	r1, sp, #6
 245 0026 2C48     		ldr	r0, .L22+4
 246 0028 0078     		ldrb	r0, [r0]	@ zero_extendqisi2
 247 002a 9847     		blx	r3
 248              	.LVL10:
  80:common/Src/ts.c **** 
  81:common/Src/ts.c ****                 if(tsOrientation & TS_SWAP_X) {
 249              		.loc 1 81 17 is_stmt 1 view .LVU51
 250              		.loc 1 81 34 is_stmt 0 view .LVU52
 251 002c 2B4B     		ldr	r3, .L22+8
 252 002e 1B78     		ldrb	r3, [r3]	@ zero_extendqisi2
 253              		.loc 1 81 19 view .LVU53
 254 0030 13F0010F 		tst	r3, #1
 255 0034 05D0     		beq	.L13
  82:common/Src/ts.c ****                         x = 4096 - x;
 256              		.loc 1 82 25 is_stmt 1 view .LVU54
 257              		.loc 1 82 34 is_stmt 0 view .LVU55
 258 0036 BDF80620 		ldrh	r2, [sp, #6]
 259 003a C2F58052 		rsb	r2, r2, #4096
 260              		.loc 1 82 27 view .LVU56
 261 003e ADF80620 		strh	r2, [sp, #6]	@ movhi
 262              	.L13:
  83:common/Src/ts.c ****                 }
  84:common/Src/ts.c **** 
  85:common/Src/ts.c ****                 if(tsOrientation & TS_SWAP_Y) {
 263              		.loc 1 85 17 is_stmt 1 view .LVU57
 264              		.loc 1 85 19 is_stmt 0 view .LVU58
 265 0042 13F0020F 		tst	r3, #2
 266 0046 05D0     		beq	.L14
ARM GAS  /tmp/ccaAp466.s 			page 7


  86:common/Src/ts.c ****                         y = 4096 - y;
 267              		.loc 1 86 25 is_stmt 1 view .LVU59
 268              		.loc 1 86 34 is_stmt 0 view .LVU60
 269 0048 BDF80420 		ldrh	r2, [sp, #4]
 270 004c C2F58052 		rsb	r2, r2, #4096
 271              		.loc 1 86 27 view .LVU61
 272 0050 ADF80420 		strh	r2, [sp, #4]	@ movhi
 273              	.L14:
  87:common/Src/ts.c ****                 }
  88:common/Src/ts.c **** 
  89:common/Src/ts.c ****                 if(tsOrientation & TS_SWAP_XY) {
 274              		.loc 1 89 17 is_stmt 1 view .LVU62
 275              		.loc 1 89 19 is_stmt 0 view .LVU63
 276 0054 13F0040F 		tst	r3, #4
 277 0058 07D0     		beq	.L15
  90:common/Src/ts.c ****                         swap = y;
 278              		.loc 1 90 25 is_stmt 1 view .LVU64
 279              		.loc 1 90 30 is_stmt 0 view .LVU65
 280 005a BDF80430 		ldrh	r3, [sp, #4]
 281              	.LVL11:
  91:common/Src/ts.c ****                         y = x;
 282              		.loc 1 91 25 is_stmt 1 view .LVU66
 283              		.loc 1 91 27 is_stmt 0 view .LVU67
 284 005e BDF80620 		ldrh	r2, [sp, #6]
 285 0062 ADF80420 		strh	r2, [sp, #4]	@ movhi
  92:common/Src/ts.c ****                         x = swap;
 286              		.loc 1 92 25 is_stmt 1 view .LVU68
 287              		.loc 1 92 27 is_stmt 0 view .LVU69
 288 0066 ADF80630 		strh	r3, [sp, #6]	@ movhi
 289              	.LVL12:
 290              	.L15:
  93:common/Src/ts.c ****                 }
  94:common/Src/ts.c **** 
  95:common/Src/ts.c ****                 x_diff = x > _x? (x - _x): (_x - x);
 291              		.loc 1 95 17 is_stmt 1 view .LVU70
 292              		.loc 1 95 28 is_stmt 0 view .LVU71
 293 006a BDF80610 		ldrh	r1, [sp, #6]
 294 006e 1C4B     		ldr	r3, .L22+12
 295 0070 1B68     		ldr	r3, [r3]
 296              		.loc 1 95 24 view .LVU72
 297 0072 9942     		cmp	r1, r3
 298 0074 25D9     		bls	.L16
 299              		.loc 1 95 37 discriminator 1 view .LVU73
 300 0076 9BB2     		uxth	r3, r3
 301              		.loc 1 95 24 discriminator 1 view .LVU74
 302 0078 CB1A     		subs	r3, r1, r3
 303 007a 9BB2     		uxth	r3, r3
 304              	.L17:
 305              	.LVL13:
  96:common/Src/ts.c ****                 y_diff = y > _y? (y - _y): (_y - y);
 306              		.loc 1 96 17 is_stmt 1 discriminator 4 view .LVU75
 307              		.loc 1 96 28 is_stmt 0 discriminator 4 view .LVU76
 308 007c BDF80400 		ldrh	r0, [sp, #4]
 309 0080 184A     		ldr	r2, .L22+16
 310 0082 1268     		ldr	r2, [r2]
 311              		.loc 1 96 24 discriminator 4 view .LVU77
 312 0084 9042     		cmp	r0, r2
ARM GAS  /tmp/ccaAp466.s 			page 8


 313 0086 20D9     		bls	.L18
 314              		.loc 1 96 37 discriminator 1 view .LVU78
 315 0088 92B2     		uxth	r2, r2
 316              		.loc 1 96 24 discriminator 1 view .LVU79
 317 008a 821A     		subs	r2, r0, r2
 318 008c 92B2     		uxth	r2, r2
 319              	.L19:
 320              	.LVL14:
  97:common/Src/ts.c **** 
  98:common/Src/ts.c ****                 if (x_diff + y_diff > 5) {
 321              		.loc 1 98 17 is_stmt 1 discriminator 4 view .LVU80
 322              		.loc 1 98 28 is_stmt 0 discriminator 4 view .LVU81
 323 008e 1344     		add	r3, r3, r2
 324              	.LVL15:
 325              		.loc 1 98 20 discriminator 4 view .LVU82
 326 0090 052B     		cmp	r3, #5
 327 0092 03DD     		ble	.L20
  99:common/Src/ts.c ****                         _x = x;
 328              		.loc 1 99 25 is_stmt 1 view .LVU83
 329              		.loc 1 99 28 is_stmt 0 view .LVU84
 330 0094 124B     		ldr	r3, .L22+12
 331 0096 1960     		str	r1, [r3]
 100:common/Src/ts.c ****                         _y = y;
 332              		.loc 1 100 25 is_stmt 1 view .LVU85
 333              		.loc 1 100 28 is_stmt 0 view .LVU86
 334 0098 124B     		ldr	r3, .L22+16
 335 009a 1860     		str	r0, [r3]
 336              	.L20:
 101:common/Src/ts.c ****                 }
 102:common/Src/ts.c **** 
 103:common/Src/ts.c ****                 TS_State->x = (tsXBoundary * _x) >> 12;
 337              		.loc 1 103 17 is_stmt 1 view .LVU87
 338              		.loc 1 103 44 is_stmt 0 view .LVU88
 339 009c 124B     		ldr	r3, .L22+20
 340 009e 1A88     		ldrh	r2, [r3]
 341              	.LVL16:
 342              		.loc 1 103 44 view .LVU89
 343 00a0 0F4B     		ldr	r3, .L22+12
 344 00a2 1B68     		ldr	r3, [r3]
 345 00a4 03FB02F3 		mul	r3, r3, r2
 346              		.loc 1 103 50 view .LVU90
 347 00a8 1B0B     		lsrs	r3, r3, #12
 348              		.loc 1 103 29 view .LVU91
 349 00aa 6380     		strh	r3, [r4, #2]	@ movhi
 104:common/Src/ts.c ****                 TS_State->y = (tsYBoundary * _y) >> 12;
 350              		.loc 1 104 17 is_stmt 1 view .LVU92
 351              		.loc 1 104 44 is_stmt 0 view .LVU93
 352 00ac 0F4B     		ldr	r3, .L22+24
 353 00ae 1A88     		ldrh	r2, [r3]
 354 00b0 0C4B     		ldr	r3, .L22+16
 355 00b2 1B68     		ldr	r3, [r3]
 356 00b4 03FB02F3 		mul	r3, r3, r2
 357              		.loc 1 104 50 view .LVU94
 358 00b8 1B0B     		lsrs	r3, r3, #12
 359              		.loc 1 104 29 view .LVU95
 360 00ba A380     		strh	r3, [r4, #4]	@ movhi
 361              	.L12:
ARM GAS  /tmp/ccaAp466.s 			page 9


 105:common/Src/ts.c ****         }
 106:common/Src/ts.c ****         return TS_OK;
 362              		.loc 1 106 9 is_stmt 1 view .LVU96
 107:common/Src/ts.c **** }
 363              		.loc 1 107 1 is_stmt 0 view .LVU97
 364 00bc 0020     		movs	r0, #0
 365 00be 02B0     		add	sp, sp, #8
 366              	.LCFI4:
 367              		.cfi_remember_state
 368              		.cfi_def_cfa_offset 8
 369              		@ sp needed
 370 00c0 10BD     		pop	{r4, pc}
 371              	.LVL17:
 372              	.L16:
 373              	.LCFI5:
 374              		.cfi_restore_state
  95:common/Src/ts.c ****                 y_diff = y > _y? (y - _y): (_y - y);
 375              		.loc 1 95 48 discriminator 2 view .LVU98
 376 00c2 9BB2     		uxth	r3, r3
  95:common/Src/ts.c ****                 y_diff = y > _y? (y - _y): (_y - y);
 377              		.loc 1 95 24 discriminator 2 view .LVU99
 378 00c4 5B1A     		subs	r3, r3, r1
 379 00c6 9BB2     		uxth	r3, r3
 380 00c8 D8E7     		b	.L17
 381              	.LVL18:
 382              	.L18:
  96:common/Src/ts.c **** 
 383              		.loc 1 96 48 discriminator 2 view .LVU100
 384 00ca 92B2     		uxth	r2, r2
  96:common/Src/ts.c **** 
 385              		.loc 1 96 24 discriminator 2 view .LVU101
 386 00cc 121A     		subs	r2, r2, r0
 387 00ce 92B2     		uxth	r2, r2
 388 00d0 DDE7     		b	.L19
 389              	.L23:
 390 00d2 00BF     		.align	2
 391              	.L22:
 392 00d4 00000000 		.word	.LANCHOR2
 393 00d8 00000000 		.word	.LANCHOR3
 394 00dc 00000000 		.word	.LANCHOR4
 395 00e0 00000000 		.word	.LANCHOR5
 396 00e4 00000000 		.word	.LANCHOR6
 397 00e8 00000000 		.word	.LANCHOR0
 398 00ec 00000000 		.word	.LANCHOR1
 399              		.cfi_endproc
 400              	.LFE145:
 402              		.section	.text.TS_ITClear,"ax",%progbits
 403              		.align	1
 404              		.global	TS_ITClear
 405              		.syntax unified
 406              		.thumb
 407              		.thumb_func
 408              		.fpu fpv5-d16
 410              	TS_ITClear:
 411              	.LFB146:
 108:common/Src/ts.c **** 
 109:common/Src/ts.c **** /**
ARM GAS  /tmp/ccaAp466.s 			page 10


 110:common/Src/ts.c ****   * @brief  Clears all touch screen interrupts.
 111:common/Src/ts.c ****   * @retval None
 112:common/Src/ts.c ****   */
 113:common/Src/ts.c **** void TS_ITClear(void)
 114:common/Src/ts.c **** {
 412              		.loc 1 114 1 is_stmt 1 view -0
 413              		.cfi_startproc
 414              		@ args = 0, pretend = 0, frame = 0
 415              		@ frame_needed = 0, uses_anonymous_args = 0
 416 0000 08B5     		push	{r3, lr}
 417              	.LCFI6:
 418              		.cfi_def_cfa_offset 8
 419              		.cfi_offset 3, -8
 420              		.cfi_offset 14, -4
 115:common/Src/ts.c ****         /* Clear TS IT pending bits */
 116:common/Src/ts.c ****         tsDriver->ClearIT(I2cAddress);
 421              		.loc 1 116 9 view .LVU103
 422              		.loc 1 116 17 is_stmt 0 view .LVU104
 423 0002 034B     		ldr	r3, .L26
 424 0004 1B68     		ldr	r3, [r3]
 425 0006 DB69     		ldr	r3, [r3, #28]
 426              		.loc 1 116 9 view .LVU105
 427 0008 024A     		ldr	r2, .L26+4
 428 000a 1078     		ldrb	r0, [r2]	@ zero_extendqisi2
 429 000c 9847     		blx	r3
 430              	.LVL19:
 117:common/Src/ts.c **** }
 431              		.loc 1 117 1 view .LVU106
 432 000e 08BD     		pop	{r3, pc}
 433              	.L27:
 434              		.align	2
 435              	.L26:
 436 0010 00000000 		.word	.LANCHOR2
 437 0014 00000000 		.word	.LANCHOR3
 438              		.cfi_endproc
 439              	.LFE146:
 441              		.section	.bss.I2cAddress,"aw",%nobits
 442              		.set	.LANCHOR3,. + 0
 445              	I2cAddress:
 446 0000 00       		.space	1
 447              		.section	.bss._x.9438,"aw",%nobits
 448              		.align	2
 449              		.set	.LANCHOR5,. + 0
 452              	_x.9438:
 453 0000 00000000 		.space	4
 454              		.section	.bss._y.9439,"aw",%nobits
 455              		.align	2
 456              		.set	.LANCHOR6,. + 0
 459              	_y.9439:
 460 0000 00000000 		.space	4
 461              		.section	.bss.tsDriver,"aw",%nobits
 462              		.align	2
 463              		.set	.LANCHOR2,. + 0
 466              	tsDriver:
 467 0000 00000000 		.space	4
 468              		.section	.bss.tsOrientation,"aw",%nobits
 469              		.set	.LANCHOR4,. + 0
ARM GAS  /tmp/ccaAp466.s 			page 11


 472              	tsOrientation:
 473 0000 00       		.space	1
 474              		.section	.bss.tsXBoundary,"aw",%nobits
 475              		.align	1
 476              		.set	.LANCHOR0,. + 0
 479              	tsXBoundary:
 480 0000 0000     		.space	2
 481              		.section	.bss.tsYBoundary,"aw",%nobits
 482              		.align	1
 483              		.set	.LANCHOR1,. + 0
 486              	tsYBoundary:
 487 0000 0000     		.space	2
 488              		.text
 489              	.Letext0:
 490              		.file 2 "/home/user/STM32Toolchain/gcc-arm-none-eabi-9-2020-q2-update-x86_64-linux/gcc-arm-none-ea
 491              		.file 3 "/home/user/STM32Toolchain/gcc-arm-none-eabi-9-2020-q2-update-x86_64-linux/gcc-arm-none-ea
 492              		.file 4 "Drivers/CMSIS/Include/core_cm7.h"
 493              		.file 5 "Drivers/CMSIS/Device/ST/STM32F7xx/Include/system_stm32f7xx.h"
 494              		.file 6 "Drivers/STM32F7xx_HAL_Driver/Inc/stm32f7xx_hal.h"
 495              		.file 7 "common/Inc/sx8650.h"
 496              		.file 8 "common/Inc/ts.h"
ARM GAS  /tmp/ccaAp466.s 			page 12


DEFINED SYMBOLS
                            *ABS*:0000000000000000 ts.c
     /tmp/ccaAp466.s:17     .text.TS_Init:0000000000000000 $t
     /tmp/ccaAp466.s:25     .text.TS_Init:0000000000000000 TS_Init
     /tmp/ccaAp466.s:98     .text.TS_Init:0000000000000038 $d
     /tmp/ccaAp466.s:108    .text.TS_DeInit:0000000000000000 $t
     /tmp/ccaAp466.s:115    .text.TS_DeInit:0000000000000000 TS_DeInit
     /tmp/ccaAp466.s:130    .text.TS_ITConfig:0000000000000000 $t
     /tmp/ccaAp466.s:137    .text.TS_ITConfig:0000000000000000 TS_ITConfig
     /tmp/ccaAp466.s:152    .text.TS_ITGetStatus:0000000000000000 $t
     /tmp/ccaAp466.s:159    .text.TS_ITGetStatus:0000000000000000 TS_ITGetStatus
     /tmp/ccaAp466.s:185    .text.TS_ITGetStatus:0000000000000010 $d
     /tmp/ccaAp466.s:191    .text.TS_GetState:0000000000000000 $t
     /tmp/ccaAp466.s:198    .text.TS_GetState:0000000000000000 TS_GetState
     /tmp/ccaAp466.s:392    .text.TS_GetState:00000000000000d4 $d
     /tmp/ccaAp466.s:403    .text.TS_ITClear:0000000000000000 $t
     /tmp/ccaAp466.s:410    .text.TS_ITClear:0000000000000000 TS_ITClear
     /tmp/ccaAp466.s:436    .text.TS_ITClear:0000000000000010 $d
     /tmp/ccaAp466.s:445    .bss.I2cAddress:0000000000000000 I2cAddress
     /tmp/ccaAp466.s:446    .bss.I2cAddress:0000000000000000 $d
     /tmp/ccaAp466.s:448    .bss._x.9438:0000000000000000 $d
     /tmp/ccaAp466.s:452    .bss._x.9438:0000000000000000 _x.9438
     /tmp/ccaAp466.s:455    .bss._y.9439:0000000000000000 $d
     /tmp/ccaAp466.s:459    .bss._y.9439:0000000000000000 _y.9439
     /tmp/ccaAp466.s:462    .bss.tsDriver:0000000000000000 $d
     /tmp/ccaAp466.s:466    .bss.tsDriver:0000000000000000 tsDriver
     /tmp/ccaAp466.s:472    .bss.tsOrientation:0000000000000000 tsOrientation
     /tmp/ccaAp466.s:473    .bss.tsOrientation:0000000000000000 $d
     /tmp/ccaAp466.s:475    .bss.tsXBoundary:0000000000000000 $d
     /tmp/ccaAp466.s:479    .bss.tsXBoundary:0000000000000000 tsXBoundary
     /tmp/ccaAp466.s:482    .bss.tsYBoundary:0000000000000000 $d
     /tmp/ccaAp466.s:486    .bss.tsYBoundary:0000000000000000 tsYBoundary

UNDEFINED SYMBOLS
IOE_Init
sx8650_ts_drv
